<?xml version="1.0" encoding="UTF-8"?>
<!-- Generated by org.testng.reporters.JUnitReportReporter -->
<testsuite hostname="DESKTOP-9SMCAAT" failures="0" tests="2" name="pom.Logindata" time="6.065" errors="0" timestamp="2025-04-10T09:57:04 IST" skipped="0">
  <testcase classname="pom.Logindata" name="Login" time="5.449"/>
  <testcase classname="pom.Logindata" name="updatelead" time="0.616"/>
</testsuite> <!-- pom.Logindata -->
