<?xml version="1.0" encoding="UTF-8"?>
<!-- Generated by org.testng.reporters.JUnitReportReporter -->
<testsuite hostname="DESKTOP-9SMCAAT" failures="0" tests="3" name="ProjectOnLMS.LoginLMS" time="33.989" errors="0" timestamp="2025-04-24T10:18:31 IST" skipped="0">
  <testcase classname="ProjectOnLMS.LoginLMS" name="setup" time="11.671"/>
  <testcase classname="ProjectOnLMS.LoginLMS" name="setup" time="15.474"/>
  <testcase classname="ProjectOnLMS.LoginLMS" name="setup" time="6.844"/>
</testsuite> <!-- ProjectOnLMS.LoginLMS -->
