<?xml version="1.0" encoding="UTF-8"?>
<!-- Generated by org.testng.reporters.JUnitReportReporter -->
<testsuite hostname="DESKTOP-9SMCAAT" failures="0" tests="6" name="Testng.CreatLeadWithTestng" time="6.448" errors="0" timestamp="2025-03-25T12:19:41 IST" skipped="0">
  <testcase classname="Testng.CreatLeadWithTestng" name="openURL" time="0.980"/>
  <testcase classname="Testng.CreatLeadWithTestng" name="credentials" time="0.500"/>
  <testcase classname="Testng.CreatLeadWithTestng" name="login" time="0.244"/>
  <testcase classname="Testng.CreatLeadWithTestng" name="leads" time="1.475"/>
  <testcase classname="Testng.CreatLeadWithTestng" name="createlead" time="0.836"/>
  <testcase classname="Testng.CreatLeadWithTestng" name="data" time="2.413"/>
</testsuite> <!-- Testng.CreatLeadWithTestng -->
