<?xml version="1.0" encoding="UTF-8"?>
<!-- Generated by org.testng.reporters.JUnitReportReporter -->
<testsuite hostname="DESKTOP-9SMCAAT" failures="0" tests="1" name="Practice.LMSTestng" time="12.779" errors="0" timestamp="2025-05-10T10:46:37 IST" skipped="0">
  <testcase classname="Practice.LMSTestng" name="model" time="12.779"/>
</testsuite> <!-- Practice.LMSTestng -->
