<?xml version="1.0" encoding="UTF-8"?>
<!-- Generated by org.testng.reporters.JUnitReportReporter -->
<testsuite hostname="DESKTOP-9SMCAAT" failures="0" tests="5" name="Base.LoginTest" time="60.129" errors="0" timestamp="2025-08-01T00:33:40 IST" skipped="0">
  <testcase classname="Base.LoginTest" name="setUp" time="23.420"/>
  <testcase classname="Base.LoginTest" name="tryInvalidLoginAndCheckError" time="14.597"/>
  <testcase classname="Base.LoginTest" name="verifyLoginButtonDisabledInitially" time="11.641"/>
  <testcase classname="Base.LoginTest" name="verifyPasswordVisibilityToggle" time="6.093"/>
  <testcase classname="Base.LoginTest" name="confirmImportantElementsExist" time="4.378"/>
</testsuite> <!-- Base.LoginTest -->
