<?xml version="1.0" encoding="UTF-8"?>
<!-- Generated by org.testng.reporters.JUnitReportReporter -->
<testsuite hostname="DESKTOP-9SMCAAT" failures="0" tests="4" name="Testng.CreateOpportunity_DataProvider" time="10.365" errors="0" timestamp="2025-03-30T23:00:05 IST" skipped="0">
  <testcase classname="Testng.CreateOpportunity_DataProvider" name="URL" time="4.110"/>
  <testcase classname="Testng.CreateOpportunity_DataProvider" name="CreateOpp" time="3.875"/>
  <testcase classname="Testng.CreateOpportunity_DataProvider" name="CreateOpp" time="2.091"/>
  <testcase classname="Testng.CreateOpportunity_DataProvider" name="close" time="0.289"/>
</testsuite> <!-- Testng.CreateOpportunity_DataProvider -->
