<?xml version="1.0" encoding="UTF-8"?>
<!-- Generated by org.testng.reporters.JUnitReportReporter -->
<testsuite hostname="DESKTOP-9SMCAAT" failures="0" tests="3" name="Factory.Lead" time="24.993" errors="0" timestamp="2025-04-01T18:35:41 IST" skipped="0">
  <testcase classname="Factory.Lead" name="createlead" time="7.239"/>
  <testcase classname="Factory.Lead" name="createlead" time="10.529"/>
  <testcase classname="Factory.Lead" name="createlead" time="7.225"/>
</testsuite> <!-- Factory.Lead -->
