<?xml version="1.0" encoding="UTF-8"?>
<!-- Generated by org.testng.reporters.JUnitReportReporter -->
<testsuite hostname="DESKTOP-9SMCAAT" failures="0" tests="1" name="Parameter.LoginThroughParameter" time="9.721" errors="0" timestamp="2025-03-27T18:00:49 IST" skipped="0">
  <testcase classname="Parameter.LoginThroughParameter" name="credentials" time="9.721"/>
</testsuite> <!-- Parameter.LoginThroughParameter -->
