<?xml version="1.0" encoding="UTF-8"?>
<!-- Generated by org.testng.reporters.JUnitReportReporter -->
<testsuite hostname="DESKTOP-9SMCAAT" failures="0" tests="3" name="Listeners.CreateLeadwithListener" time="6.733" errors="0" timestamp="2025-04-07T09:02:15 IST" skipped="0">
  <testcase classname="Listeners.CreateLeadwithListener" name="credentials" time="0.515"/>
  <testcase classname="Listeners.CreateLeadwithListener" name="button" time="0.165"/>
  <testcase classname="Listeners.CreateLeadwithListener" name="updatelead" time="6.053"/>
</testsuite> <!-- Listeners.CreateLeadwithListener -->
