<?xml version="1.0" encoding="UTF-8"?>
<!-- Generated by org.testng.reporters.JUnitReportReporter -->
<testsuite hostname="DESKTOP-9SMCAAT" failures="0" tests="1" name="createlead.Lead" time="7.566" errors="0" timestamp="2025-04-21T16:55:14 IST" skipped="0">
  <testcase classname="createlead.Lead" name="createLead" time="7.566"/>
</testsuite> <!-- createlead.Lead -->
