<?xml version="1.0" encoding="UTF-8"?>
<!-- Generated by org.testng.reporters.JUnitReportReporter -->
<testsuite hostname="DESKTOP-9SMCAAT" failures="0" tests="6" name="Testng.CreateLeadWithTestng" time="9.016" errors="0" timestamp="2025-03-26T09:20:08 IST" skipped="0">
  <testcase classname="Testng.CreateLeadWithTestng" name="openURL" time="1.279"/>
  <testcase classname="Testng.CreateLeadWithTestng" name="credentials" time="0.482"/>
  <testcase classname="Testng.CreateLeadWithTestng" name="login" time="0.228"/>
  <testcase classname="Testng.CreateLeadWithTestng" name="leads" time="2.675"/>
  <testcase classname="Testng.CreateLeadWithTestng" name="createlead" time="0.961"/>
  <testcase classname="Testng.CreateLeadWithTestng" name="data" time="3.391"/>
</testsuite> <!-- Testng.CreateLeadWithTestng -->
