<?xml version="1.0" encoding="UTF-8"?>
<!-- Generated by org.testng.reporters.JUnitReportReporter -->
<testsuite hostname="DESKTOP-9SMCAAT" failures="0" tests="3" name="Testng.FirstTestCaseTest" time="0.036" errors="0" timestamp="2025-03-25T09:34:53 IST" skipped="0">
  <testcase classname="Testng.FirstTestCaseTest" name="openapp" time="0.024"/>
  <testcase classname="Testng.FirstTestCaseTest" name="login" time="0.006"/>
  <testcase classname="Testng.FirstTestCaseTest" name="logout" time="0.006"/>
</testsuite> <!-- Testng.FirstTestCaseTest -->
