<?xml version="1.0" encoding="UTF-8"?>
<!-- Generated by org.testng.reporters.JUnitReportReporter -->
<testsuite hostname="DESKTOP-9SMCAAT" failures="0" tests="1" name="createlead.Lead" time="7.292" errors="0" timestamp="2025-04-17T18:42:30 IST" skipped="0">
  <testcase classname="createlead.Lead" name="createLead" time="7.292"/>
</testsuite> <!-- createlead.Lead -->
