<?xml version="1.0" encoding="UTF-8"?>
<!-- Generated by org.testng.reporters.JUnitReportReporter -->
<testsuite hostname="DESKTOP-9SMCAAT" failures="0" tests="1" name="Base.BaseTest" time="43.448" errors="0" timestamp="2025-07-31T20:49:20 IST" skipped="0">
  <testcase classname="Base.BaseTest" name="setUp" time="43.448"/>
</testsuite> <!-- Base.BaseTest -->
