<?xml version="1.0" encoding="UTF-8"?>
<!-- Generated by org.testng.reporters.JUnitReportReporter -->
<testsuite hostname="DESKTOP-9SMCAAT" failures="0" tests="3" name="Testng.CRMLoginTestng" time="2.078" errors="0" timestamp="2025-03-27T12:12:58 IST" skipped="0">
  <testcase classname="Testng.CRMLoginTestng" name="openURL" time="1.490"/>
  <testcase classname="Testng.CRMLoginTestng" name="credentials" time="0.384"/>
  <testcase classname="Testng.CRMLoginTestng" name="submit" time="0.204"/>
</testsuite> <!-- Testng.CRMLoginTestng -->
