<?xml version="1.0" encoding="UTF-8"?>
<!-- Generated by org.testng.reporters.JUnitReportReporter -->
<testsuite hostname="DESKTOP-9SMCAAT" failures="0" tests="1" name="Testng.CreateLearnersWithTestng" time="1.907" errors="0" timestamp="2025-03-27T08:36:23 IST" skipped="0">
  <testcase classname="Testng.CreateLearnersWithTestng" name="updatelead" time="1.907"/>
</testsuite> <!-- Testng.CreateLearnersWithTestng -->
