<?xml version="1.0" encoding="UTF-8"?>
<!-- Generated by org.testng.reporters.JUnitReportReporter -->
<testsuite hostname="DESKTOP-9SMCAAT" failures="0" tests="3" name="ProjectOnLMS.SignIn" time="30.962" errors="0" timestamp="2025-04-24T10:18:31 IST" skipped="0">
  <testcase classname="ProjectOnLMS.SignIn" name="signUp" time="8.876"/>
  <testcase classname="ProjectOnLMS.SignIn" name="signUp" time="5.304"/>
  <testcase classname="ProjectOnLMS.SignIn" name="signUp" time="16.782"/>
</testsuite> <!-- ProjectOnLMS.SignIn -->
